# JRE version: OpenJDK Runtime Environment Temurin-21.0.11+10 (21.0.11+10) (build 21.0.11+10-LTS)
# Java VM: OpenJDK 64-Bit Server VM Temurin-21.0.11+10 (21.0.11+10-LTS, mixed mode, sharing, tiered, compressed oops, compressed class ptrs, parallel gc, windows-amd64)
GC Precious Log:
 CardTable entry size: 512
 CPUs: 20 total, 20 available
 Memory: 16010M
 Large Page Support: Disabled
 NUMA Support: Disabled
 Compressed Oops: Enabled (32-bit)
 Alignments: Space 512K, Generation 512K, Heap 2M
 Heap Min Capacity: 100M
 Heap Initial Capacity: 100M
 Heap Max Capacity: 2G
 Pre-touch: Disabled
 Parallel Workers: 15
Heap:
 PSYoungGen      total 17408K, used 16146K [0x00000000d5580000, 0x00000000d6800000, 0x0000000100000000)
  eden space 16896K, 95% used [0x00000000d5580000,0x00000000d6544bd0,0x00000000d6600000)
  from space 512K, 0% used [0x00000000d6780000,0x00000000d6780000,0x00000000d6800000)
  to   space 1024K, 0% used [0x00000000d6600000,0x00000000d6600000,0x00000000d6700000)
 ParOldGen       total 68608K, used 48365K [0x0000000080000000, 0x0000000084300000, 0x00000000d5580000)
  object space 68608K, 70% used [0x0000000080000000,0x0000000082f3b4b0,0x0000000084300000)
 Metaspace       used 60291K, committed 61632K, reserved 1114112K
  class space    used 6420K, committed 6976K, reserved 1048576K
GC Heap History (20 events):
Event: 12.200 GC heap before
{Heap before GC invocations=46 (full 2):
 PSYoungGen      total 19456K, used 18977K [0x00000000d5580000, 0x00000000d6980000, 0x0000000100000000)
  eden space 18432K, 100% used [0x00000000d5580000,0x00000000d6780000,0x00000000d6780000)
  from space 1024K, 53% used [0x00000000d6780000,0x00000000d6808570,0x00000000d6880000)
  to   space 1024K, 0% used [0x00000000d6880000,0x00000000d6880000,0x00000000d6980000)
 ParOldGen       total 68608K, used 53775K [0x0000000080000000, 0x0000000084300000, 0x00000000d5580000)
  object space 68608K, 78% used [0x0000000080000000,0x0000000083483d70,0x0000000084300000)
 Metaspace       used 53801K, committed 55104K, reserved 1114112K
  class space    used 5742K, committed 6336K, reserved 1048576K
}
Event: 12.200 GC heap after
{Heap after GC invocations=46 (full 2):
 PSYoungGen      total 19456K, used 532K [0x00000000d5580000, 0x00000000d6980000, 0x0000000100000000)
  eden space 18432K, 0% used [0x00000000d5580000,0x00000000d5580000,0x00000000d6780000)
  from space 1024K, 52% used [0x00000000d6880000,0x00000000d6905200,0x00000000d6980000)
  to   space 1024K, 0% used [0x00000000d6780000,0x00000000d6780000,0x00000000d6880000)
 ParOldGen       total 68608K, used 53903K [0x0000000080000000, 0x0000000084300000, 0x00000000d5580000)
  object space 68608K, 78% used [0x0000000080000000,0x00000000834a3d70,0x0000000084300000)
 Metaspace       used 53801K, committed 55104K, reserved 1114112K
  class space    used 5742K, committed 6336K, reserved 1048576K
}
Event: 12.235 GC heap before
{Heap before GC invocations=47 (full 2):
 PSYoungGen      total 19456K, used 18899K [0x00000000d5580000, 0x00000000d6980000, 0x0000000100000000)
  eden space 18432K, 99% used [0x00000000d5580000,0x00000000d676fd48,0x00000000d6780000)
  from space 1024K, 52% used [0x00000000d6880000,0x00000000d6905200,0x00000000d6980000)
  to   space 1024K, 0% used [0x00000000d6780000,0x00000000d6780000,0x00000000d6880000)
 ParOldGen       total 68608K, used 53903K [0x0000000080000000, 0x0000000084300000, 0x00000000d5580000)
  object space 68608K, 78% used [0x0000000080000000,0x00000000834a3d70,0x0000000084300000)
 Metaspace       used 53804K, committed 55168K, reserved 1114112K
  class space    used 5742K, committed 6336K, reserved 1048576K
}
Event: 12.236 GC heap after
{Heap after GC invocations=47 (full 2):
 PSYoungGen      total 19456K, used 480K [0x00000000d5580000, 0x00000000d6900000, 0x0000000100000000)
  eden space 18432K, 0% used [0x00000000d5580000,0x00000000d5580000,0x00000000d6780000)
  from space 1024K, 46% used [0x00000000d6780000,0x00000000d67f8000,0x00000000d6880000)
  to   space 512K, 0% used [0x00000000d6880000,0x00000000d6880000,0x00000000d6900000)
 ParOldGen       total 68608K, used 54203K [0x0000000080000000, 0x0000000084300000, 0x00000000d5580000)
  object space 68608K, 79% used [0x0000000080000000,0x00000000834eef70,0x0000000084300000)
 Metaspace       used 53804K, committed 55168K, reserved 1114112K
  class space    used 5742K, committed 6336K, reserved 1048576K
}
Event: 12.256 GC heap before
{Heap before GC invocations=48 (full 2):
 PSYoungGen      total 19456K, used 18912K [0x00000000d5580000, 0x00000000d6900000, 0x0000000100000000)
  eden space 18432K, 100% used [0x00000000d5580000,0x00000000d6780000,0x00000000d6780000)
  from space 1024K, 46% used [0x00000000d6780000,0x00000000d67f8000,0x00000000d6880000)
  to   space 512K, 0% used [0x00000000d6880000,0x00000000d6880000,0x00000000d6900000)
 ParOldGen       total 68608K, used 54203K [0x0000000080000000, 0x0000000084300000, 0x00000000d5580000)
  object space 68608K, 79% used [0x0000000080000000,0x00000000834eef70,0x0000000084300000)
 Metaspace       used 53804K, committed 55168K, reserved 1114112K
  class space    used 5742K, committed 6336K, reserved 1048576K
}
Event: 12.257 GC heap after
{Heap after GC invocations=48 (full 2):
 PSYoungGen      total 18432K, used 512K [0x00000000d5580000, 0x00000000d6a80000, 0x0000000100000000)
  eden space 17920K, 0% used [0x00000000d5580000,0x00000000d5580000,0x00000000d6700000)
  from space 512K, 100% used [0x00000000d6880000,0x00000000d6900000,0x00000000d6900000)
  to   space 1536K, 0% used [0x00000000d6700000,0x00000000d6700000,0x00000000d6880000)
 ParOldGen       total 68608K, used 54955K [0x0000000080000000, 0x0000000084300000, 0x00000000d5580000)
  object space 68608K, 80% used [0x0000000080000000,0x00000000835aad78,0x0000000084300000)
 Metaspace       used 53804K, committed 55168K, reserved 1114112K
  class space    used 5742K, committed 6336K, reserved 1048576K
}
Event: 12.423 GC heap before
{Heap before GC invocations=49 (full 2):
 PSYoungGen      total 18432K, used 18432K [0x00000000d5580000, 0x00000000d6a80000, 0x0000000100000000)
  eden space 17920K, 100% used [0x00000000d5580000,0x00000000d6700000,0x00000000d6700000)
  from space 512K, 100% used [0x00000000d6880000,0x00000000d6900000,0x00000000d6900000)
  to   space 1536K, 0% used [0x00000000d6700000,0x00000000d6700000,0x00000000d6880000)
 ParOldGen       total 68608K, used 54955K [0x0000000080000000, 0x0000000084300000, 0x00000000d5580000)
  object space 68608K, 80% used [0x0000000080000000,0x00000000835aad78,0x0000000084300000)
 Metaspace       used 54621K, committed 55936K, reserved 1114112K
  class space    used 5846K, committed 6400K, reserved 1048576K
}
Event: 12.425 GC heap after
{Heap after GC invocations=49 (full 2):
 PSYoungGen      total 18944K, used 832K [0x00000000d5580000, 0x00000000d6900000, 0x0000000100000000)
  eden space 17920K, 0% used [0x00000000d5580000,0x00000000d5580000,0x00000000d6700000)
  from space 1024K, 81% used [0x00000000d6700000,0x00000000d67d0000,0x00000000d6800000)
  to   space 1024K, 0% used [0x00000000d6800000,0x00000000d6800000,0x00000000d6900000)
 ParOldGen       total 68608K, used 55339K [0x0000000080000000, 0x0000000084300000, 0x00000000d5580000)
  object space 68608K, 80% used [0x0000000080000000,0x000000008360ad78,0x0000000084300000)
 Metaspace       used 54621K, committed 55936K, reserved 1114112K
  class space    used 5846K, committed 6400K, reserved 1048576K
}
Event: 12.775 GC heap before
{Heap before GC invocations=50 (full 2):
 PSYoungGen      total 18944K, used 18752K [0x00000000d5580000, 0x00000000d6900000, 0x0000000100000000)
  eden space 17920K, 100% used [0x00000000d5580000,0x00000000d6700000,0x00000000d6700000)
  from space 1024K, 81% used [0x00000000d6700000,0x00000000d67d0000,0x00000000d6800000)
  to   space 1024K, 0% used [0x00000000d6800000,0x00000000d6800000,0x00000000d6900000)
 ParOldGen       total 68608K, used 55339K [0x0000000080000000, 0x0000000084300000, 0x00000000d5580000)
  object space 68608K, 80% used [0x0000000080000000,0x000000008360ad78,0x0000000084300000)
 Metaspace       used 56139K, committed 57408K, reserved 1114112K
  class space    used 6029K, committed 6592K, reserved 1048576K
}
Event: 12.776 GC heap after
{Heap after GC invocations=50 (full 2):
 PSYoungGen      total 18944K, used 700K [0x00000000d5580000, 0x00000000d6900000, 0x0000000100000000)
  eden space 17920K, 0% used [0x00000000d5580000,0x00000000d5580000,0x00000000d6700000)
  from space 1024K, 68% used [0x00000000d6800000,0x00000000d68af280,0x00000000d6900000)
  to   space 1024K, 0% used [0x00000000d6700000,0x00000000d6700000,0x00000000d6800000)
 ParOldGen       total 68608K, used 55881K [0x0000000080000000, 0x0000000084300000, 0x00000000d5580000)
  object space 68608K, 81% used [0x0000000080000000,0x0000000083692678,0x0000000084300000)
 Metaspace       used 56139K, committed 57408K, reserved 1114112K
  class space    used 6029K, committed 6592K, reserved 1048576K
}
Event: 13.072 GC heap before
{Heap before GC invocations=51 (full 2):
 PSYoungGen      total 18944K, used 18598K [0x00000000d5580000, 0x00000000d6900000, 0x0000000100000000)
  eden space 17920K, 99% used [0x00000000d5580000,0x00000000d66fa5f0,0x00000000d6700000)
  from space 1024K, 68% used [0x00000000d6800000,0x00000000d68af280,0x00000000d6900000)
  to   space 1024K, 0% used [0x00000000d6700000,0x00000000d6700000,0x00000000d6800000)
 ParOldGen       total 68608K, used 55881K [0x0000000080000000, 0x0000000084300000, 0x00000000d5580000)
  object space 68608K, 81% used [0x0000000080000000,0x0000000083692678,0x0000000084300000)
 Metaspace       used 57170K, committed 58560K, reserved 1114112K
  class space    used 6125K, committed 6720K, reserved 1048576K
}
Event: 13.073 GC heap after
{Heap after GC invocations=51 (full 2):
 PSYoungGen      total 18944K, used 586K [0x00000000d5580000, 0x00000000d6900000, 0x0000000100000000)
  eden space 17920K, 0% used [0x00000000d5580000,0x00000000d5580000,0x00000000d6700000)
  from space 1024K, 57% used [0x00000000d6700000,0x00000000d67928e0,0x00000000d6800000)
  to   space 1024K, 0% used [0x00000000d6800000,0x00000000d6800000,0x00000000d6900000)
 ParOldGen       total 68608K, used 56388K [0x0000000080000000, 0x0000000084300000, 0x00000000d5580000)
  object space 68608K, 82% used [0x0000000080000000,0x00000000837113a0,0x0000000084300000)
 Metaspace       used 57170K, committed 58560K, reserved 1114112K
  class space    used 6125K, committed 6720K, reserved 1048576K
}
Event: 13.164 GC heap before
{Heap before GC invocations=52 (full 2):
 PSYoungGen      total 18944K, used 18486K [0x00000000d5580000, 0x00000000d6900000, 0x0000000100000000)
  eden space 17920K, 99% used [0x00000000d5580000,0x00000000d66fb298,0x00000000d6700000)
  from space 1024K, 57% used [0x00000000d6700000,0x00000000d67928e0,0x00000000d6800000)
  to   space 1024K, 0% used [0x00000000d6800000,0x00000000d6800000,0x00000000d6900000)
 ParOldGen       total 68608K, used 56388K [0x0000000080000000, 0x0000000084300000, 0x00000000d5580000)
  object space 68608K, 82% used [0x0000000080000000,0x00000000837113a0,0x0000000084300000)
 Metaspace       used 57717K, committed 59008K, reserved 1114112K
  class space    used 6167K, committed 6720K, reserved 1048576K
}
Event: 13.165 GC heap after
{Heap after GC invocations=52 (full 2):
 PSYoungGen      total 17920K, used 1022K [0x00000000d5580000, 0x00000000d6b00000, 0x0000000100000000)
  eden space 16896K, 0% used [0x00000000d5580000,0x00000000d5580000,0x00000000d6600000)
  from space 1024K, 99% used [0x00000000d6800000,0x00000000d68ff890,0x00000000d6900000)
  to   space 2048K, 0% used [0x00000000d6600000,0x00000000d6600000,0x00000000d6800000)
 ParOldGen       total 68608K, used 56773K [0x0000000080000000, 0x0000000084300000, 0x00000000d5580000)
  object space 68608K, 82% used [0x0000000080000000,0x0000000083771678,0x0000000084300000)
 Metaspace       used 57717K, committed 59008K, reserved 1114112K
  class space    used 6167K, committed 6720K, reserved 1048576K
}
Event: 13.207 GC heap before
{Heap before GC invocations=53 (full 2):
 PSYoungGen      total 17920K, used 17918K [0x00000000d5580000, 0x00000000d6b00000, 0x0000000100000000)
  eden space 16896K, 100% used [0x00000000d5580000,0x00000000d6600000,0x00000000d6600000)
  from space 1024K, 99% used [0x00000000d6800000,0x00000000d68ff890,0x00000000d6900000)
  to   space 2048K, 0% used [0x00000000d6600000,0x00000000d6600000,0x00000000d6800000)
 ParOldGen       total 68608K, used 56773K [0x0000000080000000, 0x0000000084300000, 0x00000000d5580000)
  object space 68608K, 82% used [0x0000000080000000,0x0000000083771678,0x0000000084300000)
 Metaspace       used 57724K, committed 59008K, reserved 1114112K
  class space    used 6167K, committed 6720K, reserved 1048576K
}
Event: 13.208 GC heap after
{Heap after GC invocations=53 (full 2):
 PSYoungGen      total 18432K, used 1200K [0x00000000d5580000, 0x00000000d6900000, 0x0000000100000000)
  eden space 16896K, 0% used [0x00000000d5580000,0x00000000d5580000,0x00000000d6600000)
  from space 1536K, 78% used [0x00000000d6600000,0x00000000d672c3d0,0x00000000d6780000)
  to   space 1536K, 0% used [0x00000000d6780000,0x00000000d6780000,0x00000000d6900000)
 ParOldGen       total 68608K, used 57473K [0x0000000080000000, 0x0000000084300000, 0x00000000d5580000)
  object space 68608K, 83% used [0x0000000080000000,0x00000000838207f0,0x0000000084300000)
 Metaspace       used 57724K, committed 59008K, reserved 1114112K
  class space    used 6167K, committed 6720K, reserved 1048576K
}
Event: 13.279 GC heap before
{Heap before GC invocations=54 (full 2):
 PSYoungGen      total 18432K, used 8892K [0x00000000d5580000, 0x00000000d6900000, 0x0000000100000000)
  eden space 16896K, 45% used [0x00000000d5580000,0x00000000d5d02f38,0x00000000d6600000)
  from space 1536K, 78% used [0x00000000d6600000,0x00000000d672c3d0,0x00000000d6780000)
  to   space 1536K, 0% used [0x00000000d6780000,0x00000000d6780000,0x00000000d6900000)
 ParOldGen       total 68608K, used 57473K [0x0000000080000000, 0x0000000084300000, 0x00000000d5580000)
  object space 68608K, 83% used [0x0000000080000000,0x00000000838207f0,0x0000000084300000)
 Metaspace       used 58491K, committed 59776K, reserved 1114112K
  class space    used 6237K, committed 6784K, reserved 1048576K
}
Event: 13.280 GC heap after
{Heap after GC invocations=54 (full 2):
 PSYoungGen      total 17408K, used 480K [0x00000000d5580000, 0x00000000d6800000, 0x0000000100000000)
  eden space 16896K, 0% used [0x00000000d5580000,0x00000000d5580000,0x00000000d6600000)
  from space 512K, 93% used [0x00000000d6780000,0x00000000d67f8000,0x00000000d6800000)
  to   space 1024K, 0% used [0x00000000d6600000,0x00000000d6600000,0x00000000d6700000)
 ParOldGen       total 68608K, used 57505K [0x0000000080000000, 0x0000000084300000, 0x00000000d5580000)
  object space 68608K, 83% used [0x0000000080000000,0x00000000838287f0,0x0000000084300000)
 Metaspace       used 58491K, committed 59776K, reserved 1114112K
  class space    used 6237K, committed 6784K, reserved 1048576K
}
Event: 13.280 GC heap before
{Heap before GC invocations=55 (full 3):
 PSYoungGen      total 17408K, used 480K [0x00000000d5580000, 0x00000000d6800000, 0x0000000100000000)
  eden space 16896K, 0% used [0x00000000d5580000,0x00000000d5580000,0x00000000d6600000)
  from space 512K, 93% used [0x00000000d6780000,0x00000000d67f8000,0x00000000d6800000)
  to   space 1024K, 0% used [0x00000000d6600000,0x00000000d6600000,0x00000000d6700000)
 ParOldGen       total 68608K, used 57505K [0x0000000080000000, 0x0000000084300000, 0x00000000d5580000)
  object space 68608K, 83% used [0x0000000080000000,0x00000000838287f0,0x0000000084300000)
 Metaspace       used 58491K, committed 59776K, reserved 1114112K
  class space    used 6237K, committed 6784K, reserved 1048576K
}
Event: 13.359 GC heap after
{Heap after GC invocations=55 (full 3):
 PSYoungGen      total 17408K, used 0K [0x00000000d5580000, 0x00000000d6800000, 0x0000000100000000)
  eden space 16896K, 0% used [0x00000000d5580000,0x00000000d5580000,0x00000000d6600000)
  from space 512K, 0% used [0x00000000d6780000,0x00000000d6780000,0x00000000d6800000)
  to   space 1024K, 0% used [0x00000000d6600000,0x00000000d6600000,0x00000000d6700000)
 ParOldGen       total 68608K, used 48365K [0x0000000080000000, 0x0000000084300000, 0x00000000d5580000)
  object space 68608K, 70% used [0x0000000080000000,0x0000000082f3b4b0,0x0000000084300000)
 Metaspace       used 58485K, committed 59776K, reserved 1114112K
  class space    used 6235K, committed 6784K, reserved 1048576K
}

